# JRE version: Java(TM) SE Runtime Environment (8.0_181-b13) (build 1.8.0_181-b13)
# Java VM: Java HotSpot(TM) 64-Bit Server VM (25.181-b13 mixed mode linux-amd64 compressed oops)
Heap:
 PSYoungGen      total 75776K, used 59013K [0x00000000ec100000, 0x00000000f3500000, 0x0000000100000000)
  eden space 59904K, 72% used [0x00000000ec100000,0x00000000eeb29548,0x00000000efb80000)
  from space 15872K, 99% used [0x00000000efb80000,0x00000000f0af8050,0x00000000f0b00000)
  to   space 18944K, 0% used [0x00000000f2280000,0x00000000f2280000,0x00000000f3500000)
 ParOldGen       total 124928K, used 80204K [0x00000000c4200000, 0x00000000cbc00000, 0x00000000ec100000)
  object space 124928K, 64% used [0x00000000c4200000,0x00000000c90533f8,0x00000000cbc00000)
 Metaspace       used 19545K, capacity 20572K, committed 20736K, reserved 1067008K
  class space    used 2746K, capacity 2965K, committed 3072K, reserved 1048576K
GC Heap History (10 events):
Event: 1,762 GC heap before
{Heap before GC invocations=5 (full 1):
 PSYoungGen      total 33280K, used 33248K [0x00000000ec100000, 0x00000000eef80000, 0x0000000100000000)
  eden space 30720K, 100% used [0x00000000ec100000,0x00000000edf00000,0x00000000edf00000)
  from space 2560K, 98% used [0x00000000edf00000,0x00000000ee178148,0x00000000ee180000)
  to   space 2560K, 0% used [0x00000000eed00000,0x00000000eed00000,0x00000000eef80000)
 ParOldGen       total 76800K, used 58185K [0x00000000c4200000, 0x00000000c8d00000, 0x00000000ec100000)
  object space 76800K, 75% used [0x00000000c4200000,0x00000000c7ad2640,0x00000000c8d00000)
 Metaspace       used 4330K, capacity 4670K, committed 4864K, reserved 1056768K
  class space    used 481K, capacity 494K, committed 512K, reserved 1048576K
Event: 1,792 GC heap after
Heap after GC invocations=5 (full 1):
 PSYoungGen      total 45056K, used 2537K [0x00000000ec100000, 0x00000000ef700000, 0x0000000100000000)
  eden space 42496K, 0% used [0x00000000ec100000,0x00000000ec100000,0x00000000eea80000)
  from space 2560K, 99% used [0x00000000eed00000,0x00000000eef7a500,0x00000000eef80000)
  to   space 2560K, 0% used [0x00000000eea80000,0x00000000eea80000,0x00000000eed00000)
 ParOldGen       total 76800K, used 66746K [0x00000000c4200000, 0x00000000c8d00000, 0x00000000ec100000)
  object space 76800K, 86% used [0x00000000c4200000,0x00000000c832ea18,0x00000000c8d00000)
 Metaspace       used 4330K, capacity 4670K, committed 4864K, reserved 1056768K
  class space    used 481K, capacity 494K, committed 512K, reserved 1048576K
}
Event: 1,792 GC heap before
{Heap before GC invocations=6 (full 2):
 PSYoungGen      total 45056K, used 2537K [0x00000000ec100000, 0x00000000ef700000, 0x0000000100000000)
  eden space 42496K, 0% used [0x00000000ec100000,0x00000000ec100000,0x00000000eea80000)
  from space 2560K, 99% used [0x00000000eed00000,0x00000000eef7a500,0x00000000eef80000)
  to   space 2560K, 0% used [0x00000000eea80000,0x00000000eea80000,0x00000000eed00000)
 ParOldGen       total 76800K, used 66746K [0x00000000c4200000, 0x00000000c8d00000, 0x00000000ec100000)
  object space 76800K, 86% used [0x00000000c4200000,0x00000000c832ea18,0x00000000c8d00000)
 Metaspace       used 4330K, capacity 4670K, committed 4864K, reserved 1056768K
  class space    used 481K, capacity 494K, committed 512K, reserved 1048576K
Event: 2,054 GC heap after
Heap after GC invocations=6 (full 2):
 PSYoungGen      total 45056K, used 0K [0x00000000ec100000, 0x00000000ef700000, 0x0000000100000000)
  eden space 42496K, 0% used [0x00000000ec100000,0x00000000ec100000,0x00000000eea80000)
  from space 2560K, 0% used [0x00000000eed00000,0x00000000eed00000,0x00000000eef80000)
  to   space 2560K, 0% used [0x00000000eea80000,0x00000000eea80000,0x00000000eed00000)
 ParOldGen       total 124928K, used 67626K [0x00000000c4200000, 0x00000000cbc00000, 0x00000000ec100000)
  object space 124928K, 54% used [0x00000000c4200000,0x00000000c840ab00,0x00000000cbc00000)
 Metaspace       used 4330K, capacity 4670K, committed 4864K, reserved 1056768K
  class space    used 481K, capacity 494K, committed 512K, reserved 1048576K
}
Event: 2,280 GC heap before
{Heap before GC invocations=7 (full 2):
 PSYoungGen      total 45056K, used 42496K [0x00000000ec100000, 0x00000000ef700000, 0x0000000100000000)
  eden space 42496K, 100% used [0x00000000ec100000,0x00000000eea80000,0x00000000eea80000)
  from space 2560K, 0% used [0x00000000eed00000,0x00000000eed00000,0x00000000eef80000)
  to   space 2560K, 0% used [0x00000000eea80000,0x00000000eea80000,0x00000000eed00000)
 ParOldGen       total 124928K, used 67626K [0x00000000c4200000, 0x00000000cbc00000, 0x00000000ec100000)
  object space 124928K, 54% used [0x00000000c4200000,0x00000000c840ab00,0x00000000cbc00000)
 Metaspace       used 4330K, capacity 4670K, committed 4864K, reserved 1056768K
  class space    used 481K, capacity 494K, committed 512K, reserved 1048576K
Event: 2,320 GC heap after
Heap after GC invocations=7 (full 2):
 PSYoungGen      total 45056K, used 2560K [0x00000000ec100000, 0x00000000f1c00000, 0x0000000100000000)
  eden space 42496K, 0% used [0x00000000ec100000,0x00000000ec100000,0x00000000eea80000)
  from space 2560K, 100% used [0x00000000eea80000,0x00000000eed00000,0x00000000eed00000)
  to   space 16384K, 0% used [0x00000000f0c00000,0x00000000f0c00000,0x00000000f1c00000)
 ParOldGen       total 124928K, used 76756K [0x00000000c4200000, 0x00000000cbc00000, 0x00000000ec100000)
  object space 124928K, 61% used [0x00000000c4200000,0x00000000c8cf53f8,0x00000000cbc00000)
 Metaspace       used 4330K, capacity 4670K, committed 4864K, reserved 1056768K
  class space    used 481K, capacity 494K, committed 512K, reserved 1048576K
}
Event: 2,799 GC heap before
{Heap before GC invocations=8 (full 2):
 PSYoungGen      total 45056K, used 45056K [0x00000000ec100000, 0x00000000f1c00000, 0x0000000100000000)
  eden space 42496K, 100% used [0x00000000ec100000,0x00000000eea80000,0x00000000eea80000)
  from space 2560K, 100% used [0x00000000eea80000,0x00000000eed00000,0x00000000eed00000)
  to   space 16384K, 0% used [0x00000000f0c00000,0x00000000f0c00000,0x00000000f1c00000)
 ParOldGen       total 124928K, used 76756K [0x00000000c4200000, 0x00000000cbc00000, 0x00000000ec100000)
  object space 124928K, 61% used [0x00000000c4200000,0x00000000c8cf53f8,0x00000000cbc00000)
 Metaspace       used 4338K, capacity 4670K, committed 4864K, reserved 1056768K
  class space    used 481K, capacity 494K, committed 512K, reserved 1048576K
Event: 2,837 GC heap after
Heap after GC invocations=8 (full 2):
 PSYoungGen      total 74752K, used 12064K [0x00000000ec100000, 0x00000000f1a80000, 0x0000000100000000)
  eden space 59904K, 0% used [0x00000000ec100000,0x00000000ec100000,0x00000000efb80000)
  from space 14848K, 81% used [0x00000000f0c00000,0x00000000f17c8000,0x00000000f1a80000)
  to   space 15872K, 0% used [0x00000000efb80000,0x00000000efb80000,0x00000000f0b00000)
 ParOldGen       total 124928K, used 76756K [0x00000000c4200000, 0x00000000cbc00000, 0x00000000ec100000)
  object space 124928K, 61% used [0x00000000c4200000,0x00000000c8cf53f8,0x00000000cbc00000)
 Metaspace       used 4338K, capacity 4670K, committed 4864K, reserved 1056768K
  class space    used 481K, capacity 494K, committed 512K, reserved 1048576K
}
Event: 5,510 GC heap before
{Heap before GC invocations=9 (full 2):
 PSYoungGen      total 74752K, used 71968K [0x00000000ec100000, 0x00000000f1a80000, 0x0000000100000000)
  eden space 59904K, 100% used [0x00000000ec100000,0x00000000efb80000,0x00000000efb80000)
  from space 14848K, 81% used [0x00000000f0c00000,0x00000000f17c8000,0x00000000f1a80000)
  to   space 15872K, 0% used [0x00000000efb80000,0x00000000efb80000,0x00000000f0b00000)
 ParOldGen       total 124928K, used 76756K [0x00000000c4200000, 0x00000000cbc00000, 0x00000000ec100000)
  object space 124928K, 61% used [0x00000000c4200000,0x00000000c8cf53f8,0x00000000cbc00000)
 Metaspace       used 12587K, capacity 13038K, committed 13312K, reserved 1060864K
  class space    used 1635K, capacity 1776K, committed 1792K, reserved 1048576K
Event: 5,549 GC heap after
Heap after GC invocations=9 (full 2):
 PSYoungGen      total 75776K, used 15840K [0x00000000ec100000, 0x00000000f3500000, 0x0000000100000000)
  eden space 59904K, 0% used [0x00000000ec100000,0x00000000ec100000,0x00000000efb80000)
  from space 15872K, 99% used [0x00000000efb80000,0x00000000f0af8050,0x00000000f0b00000)
  to   space 18944K, 0% used [0x00000000f2280000,0x00000000f2280000,0x00000000f3500000)
 ParOldGen       total 124928K, used 80204K [0x00000000c4200000, 0x00000000cbc00000, 0x00000000ec100000)
  object space 124928K, 64% used [0x00000000c4200000,0x00000000c90533f8,0x00000000cbc00000)
 Metaspace       used 12587K, capacity 13038K, committed 13312K, reserved 1060864K
  class space    used 1635K, capacity 1776K, committed 1792K, reserved 1048576K
}

